2023-04-16T17:35:19+00:00 DEBUG tt4b_product_sync: missing access token for tt4b_product_sync
2023-04-16T17:35:59+00:00 DEBUG tt4b_product_sync: missing access token for tt4b_product_sync
2023-04-16T17:38:03+00:00 DEBUG tt4b_product_sync: missing access token for tt4b_product_sync
2023-04-16T17:39:33+00:00 DEBUG tt4b_product_sync: missing access token for tt4b_product_sync
2023-04-16T17:39:41+00:00 DEBUG tt4b_product_sync: missing access token for tt4b_product_sync
2023-04-16T17:39:49+00:00 DEBUG tt4b_product_sync: missing access token for tt4b_product_sync
2023-04-16T17:39:57+00:00 DEBUG tt4b_product_sync: missing access token for tt4b_product_sync
2023-04-16T17:41:26+00:00 DEBUG tt4b_product_sync: missing access token for tt4b_product_sync
2023-04-16T17:41:35+00:00 DEBUG tt4b_product_sync: missing access token for tt4b_product_sync
2023-04-16T17:41:42+00:00 DEBUG tt4b_product_sync: missing access token for tt4b_product_sync
2023-04-16T17:42:45+00:00 DEBUG tt4b_product_sync: missing access token for tt4b_product_sync
2023-04-16T17:43:27+00:00 DEBUG tt4b_product_sync: missing access token for tt4b_product_sync
2023-04-16T17:43:36+00:00 DEBUG tt4b_product_sync: missing access token for tt4b_product_sync
2023-04-16T17:43:42+00:00 DEBUG tt4b_product_sync: missing access token for tt4b_product_sync
2023-04-16T17:44:13+00:00 DEBUG tt4b_product_sync: missing access token for tt4b_product_sync
2023-04-16T17:45:27+00:00 DEBUG tt4b_product_sync: missing access token for tt4b_product_sync
2023-04-16T17:48:36+00:00 DEBUG Tt4b_Pixel_Class::inject_add_to_cart_event: hit injectAddToCartEvent
2023-04-16T17:48:36+00:00 DEBUG Tt4b_Pixel_Class::inject_add_to_cart_event: Missing option "access_token"
2023-04-16T17:48:44+00:00 DEBUG Tt4b_Pixel_Class::inject_start_checkout: hit injectStartCheckout
2023-04-16T17:48:44+00:00 DEBUG Tt4b_Pixel_Class::inject_start_checkout: Missing option "access_token"
2023-04-16T17:51:59+00:00 DEBUG Tt4b_Pixel_Class::inject_start_checkout: hit injectStartCheckout
2023-04-16T17:51:59+00:00 DEBUG Tt4b_Pixel_Class::inject_start_checkout: Missing option "access_token"
2023-04-16T17:52:12+00:00 DEBUG Tt4b_Pixel_Class::inject_purchase_event: hit injectPurchaseEvent
2023-04-16T17:52:12+00:00 DEBUG Tt4b_Pixel_Class::inject_purchase_event: Missing option "access_token"
